app/build/outputs/logs/manifest-merger-debug-report.txt
-- Merging decision tree log ---
manifest
ADDED from src/main/AndroidManifest.xml:2:1-112:12
	package
		ADDED from src/main/AndroidManifest.xml:3:5-30
		INJECTED from src/main/AndroidManifest.xml
		INJECTED from src/main/AndroidManifest.xml
	android:versionName
		ADDED from src/main/AndroidManifest.xml:5:5-30
		INJECTED from src/main/AndroidManifest.xml
		INJECTED from src/main/AndroidManifest.xml
	android:versionCode
		ADDED from src/main/AndroidManifest.xml:4:5-28
		INJECTED from src/main/AndroidManifest.xml
		INJECTED from src/main/AndroidManifest.xml
	xmlns:android
		ADDED from src/main/AndroidManifest.xml:2:11-69
uses-sdk
ADDED from src/main/AndroidManifest.xml:8:5-10:41
MERGED from [com.android.support:multidex:1.0.1] AndroidManifest.xml:18:5-42
MERGED from [com.android.support:appcompat-v7:22.2.0] AndroidManifest.xml:20:5-43
MERGED from [com.android.support:support-v4:22.2.0] AndroidManifest.xml:20:5-43
MERGED from [com.android.support:support-v13:22.2.0] AndroidManifest.xml:20:5-44
MERGED from [com.android.support:support-v4:22.2.0] AndroidManifest.xml:20:5-43
MERGED from [com.android.support:support-v4:22.2.0] AndroidManifest.xml:20:5-43
MERGED from [com.android.support:recyclerview-v7:22.2.0] AndroidManifest.xml:20:5-43
MERGED from [com.android.support:support-v4:22.2.0] AndroidManifest.xml:20:5-43
MERGED from [com.android.support:cardview-v7:22.2.0] AndroidManifest.xml:20:5-43
MERGED from [com.android.support:design:22.2.0] AndroidManifest.xml:20:5-43
MERGED from [com.android.support:appcompat-v7:22.2.0] AndroidManifest.xml:20:5-43
MERGED from [com.android.support:support-v4:22.2.0] AndroidManifest.xml:20:5-43
MERGED from [com.android.support:support-v4:22.2.0] AndroidManifest.xml:20:5-43
MERGED from [com.mcxiaoke.volley:library-aar:1.0.0] AndroidManifest.xml:3:5-72
MERGED from [com.android.support:multidex:1.0.1] AndroidManifest.xml:18:5-42
	android:targetSdkVersion
		ADDED from src/main/AndroidManifest.xml:10:9-38
		INJECTED from src/main/AndroidManifest.xml
		INJECTED from src/main/AndroidManifest.xml
	android:minSdkVersion
		ADDED from src/main/AndroidManifest.xml:9:9-34
		INJECTED from src/main/AndroidManifest.xml
		INJECTED from src/main/AndroidManifest.xml
uses-permission#android.permission.INTERNET
ADDED from src/main/AndroidManifest.xml:13:5-67
	android:name
		ADDED from src/main/AndroidManifest.xml:13:22-64
uses-permission#android.permission.GET_ACCOUNTS
ADDED from src/main/AndroidManifest.xml:16:5-71
	android:name
		ADDED from src/main/AndroidManifest.xml:16:22-68
uses-permission#android.permission.WAKE_LOCK
ADDED from src/main/AndroidManifest.xml:19:5-68
	android:name
		ADDED from src/main/AndroidManifest.xml:19:22-65
permission#com.mncomunity1.permission.C2D_MESSAGE
ADDED from src/main/AndroidManifest.xml:22:5-24:47
	android:protectionLevel
		ADDED from src/main/AndroidManifest.xml:24:9-44
	android:name
		ADDED from src/main/AndroidManifest.xml:23:9-62
uses-permission#com.mncomunity1.permission.C2D_MESSAGE
ADDED from src/main/AndroidManifest.xml:26:5-78
	android:name
		ADDED from src/main/AndroidManifest.xml:26:22-75
uses-permission#com.google.android.c2dm.permission.RECEIVE
ADDED from src/main/AndroidManifest.xml:29:5-82
	android:name
		ADDED from src/main/AndroidManifest.xml:29:22-79
uses-permission#android.permission.ACCESS_NETWORK_STATE
ADDED from src/main/AndroidManifest.xml:32:5-79
	android:name
		ADDED from src/main/AndroidManifest.xml:32:22-76
uses-permission#android.permission.VIBRATE
ADDED from src/main/AndroidManifest.xml:35:5-66
	android:name
		ADDED from src/main/AndroidManifest.xml:35:22-63
application
ADDED from src/main/AndroidManifest.xml:39:5-110:19
MERGED from [com.android.support:appcompat-v7:22.2.0] AndroidManifest.xml:22:5-20
MERGED from [com.android.support:support-v4:22.2.0] AndroidManifest.xml:22:5-20
MERGED from [com.android.support:support-v13:22.2.0] AndroidManifest.xml:22:5-20
MERGED from [com.android.support:support-v4:22.2.0] AndroidManifest.xml:22:5-20
MERGED from [com.android.support:support-v4:22.2.0] AndroidManifest.xml:22:5-20
MERGED from [com.android.support:support-v4:22.2.0] AndroidManifest.xml:22:5-20
MERGED from [com.android.support:cardview-v7:22.2.0] AndroidManifest.xml:22:5-20
MERGED from [com.android.support:design:22.2.0] AndroidManifest.xml:22:5-20
MERGED from [com.android.support:appcompat-v7:22.2.0] AndroidManifest.xml:22:5-20
MERGED from [com.android.support:support-v4:22.2.0] AndroidManifest.xml:22:5-20
MERGED from [com.android.support:support-v4:22.2.0] AndroidManifest.xml:22:5-20
MERGED from [com.mcxiaoke.volley:library-aar:1.0.0] AndroidManifest.xml:5:5-19
	android:label
		ADDED from src/main/AndroidManifest.xml:42:9-41
	android:icon
		ADDED from src/main/AndroidManifest.xml:41:9-43
	android:theme
		ADDED from src/main/AndroidManifest.xml:43:9-57
	android:name
		ADDED from src/main/AndroidManifest.xml:40:9-34
activity#com.mncomunity1.activity.Splash
ADDED from src/main/AndroidManifest.xml:46:9-54:20
	android:label
		ADDED from src/main/AndroidManifest.xml:48:13-45
	android:name
		ADDED from src/main/AndroidManifest.xml:47:13-44
intent-filter#android.intent.action.MAIN+android.intent.category.LAUNCHER
ADDED from src/main/AndroidManifest.xml:49:13-53:29
action#android.intent.action.MAIN
ADDED from src/main/AndroidManifest.xml:50:17-69
	android:name
		ADDED from src/main/AndroidManifest.xml:50:25-66
category#android.intent.category.LAUNCHER
ADDED from src/main/AndroidManifest.xml:52:17-77
	android:name
		ADDED from src/main/AndroidManifest.xml:52:27-74
activity#com.mncomunity1.MainActivity
ADDED from src/main/AndroidManifest.xml:57:9-60:57
	android:label
		ADDED from src/main/AndroidManifest.xml:60:13-45
	android:configChanges
		ADDED from src/main/AndroidManifest.xml:59:13-63
	android:name
		ADDED from src/main/AndroidManifest.xml:58:13-41
receiver#com.google.android.gcm.GCMBroadcastReceiver
ADDED from src/main/AndroidManifest.xml:62:9-74:20
	android:permission
		ADDED from src/main/AndroidManifest.xml:64:13-73
	android:name
		ADDED from src/main/AndroidManifest.xml:63:13-71
intent-filter#com.google.android.c2dm.intent.RECEIVE+com.google.android.c2dm.intent.REGISTRATION+com.mncomunity1
ADDED from src/main/AndroidManifest.xml:65:13-73:29
action#com.google.android.c2dm.intent.RECEIVE
ADDED from src/main/AndroidManifest.xml:68:17-81
	android:name
		ADDED from src/main/AndroidManifest.xml:68:25-78
action#com.google.android.c2dm.intent.REGISTRATION
ADDED from src/main/AndroidManifest.xml:70:17-86
	android:name
		ADDED from src/main/AndroidManifest.xml:70:25-83
category#com.mncomunity1
ADDED from src/main/AndroidManifest.xml:72:17-60
	android:name
		ADDED from src/main/AndroidManifest.xml:72:27-57
service#com.mncomunity1.GCMIntentService
ADDED from src/main/AndroidManifest.xml:76:9-53
	android:name
		ADDED from src/main/AndroidManifest.xml:76:18-50
activity#com.mncomunity1.activity.MyCourseActivity
ADDED from src/main/AndroidManifest.xml:78:9-78
	android:name
		ADDED from src/main/AndroidManifest.xml:78:19-75
activity#com.mncomunity1.activity.MainActivityTap
ADDED from src/main/AndroidManifest.xml:79:9-77
	android:name
		ADDED from src/main/AndroidManifest.xml:79:19-74
activity#com.mncomunity1.activity.AllCourseActivity
ADDED from src/main/AndroidManifest.xml:80:9-79
	android:name
		ADDED from src/main/AndroidManifest.xml:80:19-76
activity#com.mncomunity1.activity.VideoCacheActivity
ADDED from src/main/AndroidManifest.xml:81:9-80
	android:name
		ADDED from src/main/AndroidManifest.xml:81:19-77
activity#com.mncomunity1.activity.SeeAllCourseActivity
ADDED from src/main/AndroidManifest.xml:82:9-82
	android:name
		ADDED from src/main/AndroidManifest.xml:82:19-79
activity#com.mncomunity1.activity.DetailCourseActivity
ADDED from src/main/AndroidManifest.xml:83:9-82
	android:name
		ADDED from src/main/AndroidManifest.xml:83:19-79
activity#com.mncomunity1.activity.SettingActivity
ADDED from src/main/AndroidManifest.xml:84:9-77
	android:name
		ADDED from src/main/AndroidManifest.xml:84:19-74
activity#com.mncomunity1.activity.LoginActivity
ADDED from src/main/AndroidManifest.xml:85:9-75
	android:name
		ADDED from src/main/AndroidManifest.xml:85:19-72
activity#com.mncomunity1.activity.PhotoActivity
ADDED from src/main/AndroidManifest.xml:88:9-75
	android:name
		ADDED from src/main/AndroidManifest.xml:88:19-72
activity#com.mncomunity1.activity.ListWebViewActivity
ADDED from src/main/AndroidManifest.xml:89:9-81
	android:name
		ADDED from src/main/AndroidManifest.xml:89:19-78
activity#com.mncomunity1.activity.ListLayer1Activity
ADDED from src/main/AndroidManifest.xml:90:9-80
	android:name
		ADDED from src/main/AndroidManifest.xml:90:19-77
activity#com.mncomunity1.activity.TrainCourseActivity
ADDED from src/main/AndroidManifest.xml:91:9-81
	android:name
		ADDED from src/main/AndroidManifest.xml:91:19-78
activity#com.mncomunity1.activity.RegisterActivity
ADDED from src/main/AndroidManifest.xml:92:9-78
	android:name
		ADDED from src/main/AndroidManifest.xml:92:19-75
activity#com.mncomunity1.activity.AboutWebViewActivity
ADDED from src/main/AndroidManifest.xml:93:9-82
	android:name
		ADDED from src/main/AndroidManifest.xml:93:19-79
activity#com.mncomunity1.activity.PhotoActivityMian
ADDED from src/main/AndroidManifest.xml:94:9-79
	android:name
		ADDED from src/main/AndroidManifest.xml:94:19-76
activity#com.mncomunity1.activity.ForgetActivity
ADDED from src/main/AndroidManifest.xml:95:9-76
	android:name
		ADDED from src/main/AndroidManifest.xml:95:19-73
activity#com.mncomunity1.MainActivity2
ADDED from src/main/AndroidManifest.xml:97:9-51
	android:name
		ADDED from src/main/AndroidManifest.xml:97:19-48
activity#com.mncomunity1.activity.ListActivity
ADDED from src/main/AndroidManifest.xml:98:9-74
	android:name
		ADDED from src/main/AndroidManifest.xml:98:19-71
activity#com.mncomunity1.activity.Share
ADDED from src/main/AndroidManifest.xml:100:9-108:20
	android:name
		ADDED from src/main/AndroidManifest.xml:100:19-64
intent-filter#android.intent.action.SEND+android.intent.category.DEFAULT
ADDED from src/main/AndroidManifest.xml:101:13-107:29
action#android.intent.action.SEND
ADDED from src/main/AndroidManifest.xml:102:17-69
	android:name
		ADDED from src/main/AndroidManifest.xml:102:25-66
category#android.intent.category.DEFAULT
ADDED from src/main/AndroidManifest.xml:103:17-76
	android:name
		ADDED from src/main/AndroidManifest.xml:103:27-73
data
ADDED from src/main/AndroidManifest.xml:105:17-55
	android:mimeType
		ADDED from src/main/AndroidManifest.xml:105:23-52